02/26/2021 11:03:16 Task cola
02/26/2021 11:03:16 data/canonical_data/bert-large-uncased/cola_train.json
02/26/2021 11:03:17 data/canonical_data/bert-large-uncased/cola_dev.json
02/26/2021 11:03:18 data/canonical_data/bert-large-uncased/cola_test.json
02/26/2021 11:03:18 Task mnli
02/26/2021 11:03:19 data/canonical_data/bert-large-uncased/mnli_train.json
02/26/2021 11:04:50 data/canonical_data/bert-large-uncased/mnli_matched_dev.json
02/26/2021 11:04:53 data/canonical_data/bert-large-uncased/mnli_mismatched_dev.json
02/26/2021 11:04:55 data/canonical_data/bert-large-uncased/mnli_matched_test.json
02/26/2021 11:04:57 data/canonical_data/bert-large-uncased/mnli_mismatched_test.json
02/26/2021 11:05:00 Task mrpc
02/26/2021 11:05:00 data/canonical_data/bert-large-uncased/mrpc_train.json
02/26/2021 11:05:01 data/canonical_data/bert-large-uncased/mrpc_dev.json
02/26/2021 11:05:01 data/canonical_data/bert-large-uncased/mrpc_test.json
02/26/2021 11:05:01 Task qnli
02/26/2021 11:05:02 data/canonical_data/bert-large-uncased/qnli_train.json
02/26/2021 11:05:30 data/canonical_data/bert-large-uncased/qnli_dev.json
02/26/2021 11:05:31 data/canonical_data/bert-large-uncased/qnli_test.json
02/26/2021 11:05:33 Task qqp
02/26/2021 11:05:34 data/canonical_data/bert-large-uncased/qqp_train.json
02/26/2021 11:06:34 data/canonical_data/bert-large-uncased/qqp_dev.json
02/26/2021 11:06:42 data/canonical_data/bert-large-uncased/qqp_test.json
02/26/2021 11:07:49 Task rte
02/26/2021 11:07:49 data/canonical_data/bert-large-uncased/rte_train.json
02/26/2021 11:07:49 data/canonical_data/bert-large-uncased/rte_dev.json
02/26/2021 11:07:50 data/canonical_data/bert-large-uncased/rte_test.json
02/26/2021 11:07:50 Task scitail
02/26/2021 11:07:51 data/canonical_data/bert-large-uncased/scitail_train.json
02/26/2021 11:07:55 data/canonical_data/bert-large-uncased/scitail_dev.json
02/26/2021 11:07:55 data/canonical_data/bert-large-uncased/scitail_test.json
02/26/2021 11:07:56 Task snli
02/26/2021 11:07:58 data/canonical_data/bert-large-uncased/snli_train.json
02/26/2021 11:09:19 data/canonical_data/bert-large-uncased/snli_dev.json
02/26/2021 11:09:21 data/canonical_data/bert-large-uncased/snli_test.json
02/26/2021 11:09:22 Task sst
02/26/2021 11:09:23 data/canonical_data/bert-large-uncased/sst_train.json
02/26/2021 11:09:30 data/canonical_data/bert-large-uncased/sst_dev.json
02/26/2021 11:09:30 data/canonical_data/bert-large-uncased/sst_test.json
02/26/2021 11:09:30 Task stsb
02/26/2021 11:09:30 data/canonical_data/bert-large-uncased/stsb_train.json
02/26/2021 11:09:31 data/canonical_data/bert-large-uncased/stsb_dev.json
02/26/2021 11:09:32 data/canonical_data/bert-large-uncased/stsb_test.json
02/26/2021 11:09:32 Task wnli
02/26/2021 11:09:32 data/canonical_data/bert-large-uncased/wnli_train.json
02/26/2021 11:09:32 data/canonical_data/bert-large-uncased/wnli_dev.json
02/26/2021 11:09:32 data/canonical_data/bert-large-uncased/wnli_test.json
02/27/2021 01:05:18 Task cola
02/27/2021 01:05:18 data/canonical_data/bert-base-uncased/cola_train.json
02/27/2021 01:05:19 data/canonical_data/bert-base-uncased/cola_dev.json
02/27/2021 01:05:19 data/canonical_data/bert-base-uncased/cola_test.json
02/27/2021 01:05:19 Task mnli
02/27/2021 01:05:20 data/canonical_data/bert-base-uncased/mnli_train.json
02/27/2021 01:06:34 data/canonical_data/bert-base-uncased/mnli_matched_dev.json
02/27/2021 01:06:35 data/canonical_data/bert-base-uncased/mnli_mismatched_dev.json
02/27/2021 01:06:38 data/canonical_data/bert-base-uncased/mnli_matched_test.json
02/27/2021 01:06:40 data/canonical_data/bert-base-uncased/mnli_mismatched_test.json
02/27/2021 01:06:42 Task mrpc
02/27/2021 01:06:42 data/canonical_data/bert-base-uncased/mrpc_train.json
02/27/2021 01:06:42 data/canonical_data/bert-base-uncased/mrpc_dev.json
02/27/2021 01:06:43 data/canonical_data/bert-base-uncased/mrpc_test.json
02/27/2021 01:06:43 Task qnli
02/27/2021 01:06:43 data/canonical_data/bert-base-uncased/qnli_train.json
02/27/2021 01:07:07 data/canonical_data/bert-base-uncased/qnli_dev.json
02/27/2021 01:07:08 data/canonical_data/bert-base-uncased/qnli_test.json
02/27/2021 01:07:09 Task qqp
02/27/2021 01:07:10 data/canonical_data/bert-base-uncased/qqp_train.json
02/27/2021 01:08:07 data/canonical_data/bert-base-uncased/qqp_dev.json
02/27/2021 01:08:14 data/canonical_data/bert-base-uncased/qqp_test.json
02/27/2021 01:09:17 Task rte
02/27/2021 01:09:17 data/canonical_data/bert-base-uncased/rte_train.json
02/27/2021 01:09:18 data/canonical_data/bert-base-uncased/rte_dev.json
02/27/2021 01:09:18 data/canonical_data/bert-base-uncased/rte_test.json
02/27/2021 01:09:19 Task scitail
02/27/2021 01:09:19 data/canonical_data/bert-base-uncased/scitail_train.json
02/27/2021 01:09:23 data/canonical_data/bert-base-uncased/scitail_dev.json
02/27/2021 01:09:23 data/canonical_data/bert-base-uncased/scitail_test.json
02/27/2021 01:09:24 Task snli
02/27/2021 01:09:26 data/canonical_data/bert-base-uncased/snli_train.json
02/27/2021 01:10:43 data/canonical_data/bert-base-uncased/snli_dev.json
02/27/2021 01:10:44 data/canonical_data/bert-base-uncased/snli_test.json
02/27/2021 01:10:46 Task sst
02/27/2021 01:10:46 data/canonical_data/bert-base-uncased/sst_train.json
02/27/2021 01:10:52 data/canonical_data/bert-base-uncased/sst_dev.json
02/27/2021 01:10:53 data/canonical_data/bert-base-uncased/sst_test.json
02/27/2021 01:10:53 Task stsb
02/27/2021 01:10:53 data/canonical_data/bert-base-uncased/stsb_train.json
02/27/2021 01:10:54 data/canonical_data/bert-base-uncased/stsb_dev.json
02/27/2021 01:10:54 data/canonical_data/bert-base-uncased/stsb_test.json
02/27/2021 01:10:54 Task wnli
02/27/2021 01:10:54 data/canonical_data/bert-base-uncased/wnli_train.json
02/27/2021 01:10:54 data/canonical_data/bert-base-uncased/wnli_dev.json
02/27/2021 01:10:54 data/canonical_data/bert-base-uncased/wnli_test.json
02/27/2021 01:12:11 Task cola
02/27/2021 01:12:11 data/canonical_data/bert-base-cased/cola_train.json
02/27/2021 01:12:12 data/canonical_data/bert-base-cased/cola_dev.json
02/27/2021 01:12:12 data/canonical_data/bert-base-cased/cola_test.json
02/27/2021 01:12:12 Task mnli
02/27/2021 01:12:14 data/canonical_data/bert-base-cased/mnli_train.json
02/27/2021 01:13:35 data/canonical_data/bert-base-cased/mnli_matched_dev.json
02/27/2021 01:13:38 data/canonical_data/bert-base-cased/mnli_mismatched_dev.json
02/27/2021 01:13:40 data/canonical_data/bert-base-cased/mnli_matched_test.json
02/27/2021 01:13:42 data/canonical_data/bert-base-cased/mnli_mismatched_test.json
02/27/2021 01:13:44 Task mrpc
02/27/2021 01:13:44 data/canonical_data/bert-base-cased/mrpc_train.json
02/27/2021 01:13:45 data/canonical_data/bert-base-cased/mrpc_dev.json
02/27/2021 01:13:45 data/canonical_data/bert-base-cased/mrpc_test.json
02/27/2021 01:13:45 Task qnli
02/27/2021 01:13:46 data/canonical_data/bert-base-cased/qnli_train.json
02/27/2021 01:14:10 data/canonical_data/bert-base-cased/qnli_dev.json
02/27/2021 01:14:11 data/canonical_data/bert-base-cased/qnli_test.json
02/27/2021 01:14:13 Task qqp
02/27/2021 01:14:14 data/canonical_data/bert-base-cased/qqp_train.json
02/27/2021 01:15:14 data/canonical_data/bert-base-cased/qqp_dev.json
02/27/2021 01:15:22 data/canonical_data/bert-base-cased/qqp_test.json
02/27/2021 01:16:26 Task rte
02/27/2021 01:16:26 data/canonical_data/bert-base-cased/rte_train.json
02/27/2021 01:16:27 data/canonical_data/bert-base-cased/rte_dev.json
02/27/2021 01:16:27 data/canonical_data/bert-base-cased/rte_test.json
02/27/2021 01:16:28 Task scitail
02/27/2021 01:16:28 data/canonical_data/bert-base-cased/scitail_train.json
02/27/2021 01:16:32 data/canonical_data/bert-base-cased/scitail_dev.json
02/27/2021 01:16:33 data/canonical_data/bert-base-cased/scitail_test.json
02/27/2021 01:16:33 Task snli
02/27/2021 01:16:35 data/canonical_data/bert-base-cased/snli_train.json
02/27/2021 01:17:45 data/canonical_data/bert-base-cased/snli_dev.json
02/27/2021 01:17:46 data/canonical_data/bert-base-cased/snli_test.json
02/27/2021 01:17:48 Task sst
02/27/2021 01:17:48 data/canonical_data/bert-base-cased/sst_train.json
02/27/2021 01:17:54 data/canonical_data/bert-base-cased/sst_dev.json
02/27/2021 01:17:55 data/canonical_data/bert-base-cased/sst_test.json
02/27/2021 01:17:55 Task stsb
02/27/2021 01:17:55 data/canonical_data/bert-base-cased/stsb_train.json
02/27/2021 01:17:56 data/canonical_data/bert-base-cased/stsb_dev.json
02/27/2021 01:17:56 data/canonical_data/bert-base-cased/stsb_test.json
02/27/2021 01:17:56 Task wnli
02/27/2021 01:17:56 data/canonical_data/bert-base-cased/wnli_train.json
02/27/2021 01:17:56 data/canonical_data/bert-base-cased/wnli_dev.json
02/27/2021 01:17:56 data/canonical_data/bert-base-cased/wnli_test.json
02/27/2021 01:21:58 Task cola
02/27/2021 01:21:58 data/canonical_data/roberta-base/cola_train.json
02/27/2021 01:21:59 data/canonical_data/roberta-base/cola_dev.json
02/27/2021 01:22:00 data/canonical_data/roberta-base/cola_test.json
02/27/2021 01:22:00 Task mnli
02/27/2021 01:22:01 data/canonical_data/roberta-base/mnli_train.json
02/27/2021 01:23:30 data/canonical_data/roberta-base/mnli_matched_dev.json
02/27/2021 01:23:33 data/canonical_data/roberta-base/mnli_mismatched_dev.json
02/27/2021 01:23:36 data/canonical_data/roberta-base/mnli_matched_test.json
02/27/2021 01:23:38 data/canonical_data/roberta-base/mnli_mismatched_test.json
02/27/2021 01:23:41 Task mrpc
02/27/2021 01:23:41 data/canonical_data/roberta-base/mrpc_train.json
02/27/2021 01:23:42 data/canonical_data/roberta-base/mrpc_dev.json
02/27/2021 01:23:43 data/canonical_data/roberta-base/mrpc_test.json
02/27/2021 01:23:43 Task qnli
02/27/2021 01:23:44 data/canonical_data/roberta-base/qnli_train.json
02/27/2021 01:24:16 data/canonical_data/roberta-base/qnli_dev.json
02/27/2021 01:24:18 data/canonical_data/roberta-base/qnli_test.json
02/27/2021 01:24:20 Task qqp
02/27/2021 01:24:22 data/canonical_data/roberta-base/qqp_train.json
02/27/2021 01:25:42 data/canonical_data/roberta-base/qqp_dev.json
02/27/2021 01:25:52 data/canonical_data/roberta-base/qqp_test.json
02/27/2021 01:27:19 Task rte
02/27/2021 01:27:19 data/canonical_data/roberta-base/rte_train.json
02/27/2021 01:27:20 data/canonical_data/roberta-base/rte_dev.json
02/27/2021 01:27:20 data/canonical_data/roberta-base/rte_test.json
02/27/2021 01:27:21 Task scitail
02/27/2021 01:27:21 data/canonical_data/roberta-base/scitail_train.json
02/27/2021 01:27:26 data/canonical_data/roberta-base/scitail_dev.json
02/27/2021 01:27:26 data/canonical_data/roberta-base/scitail_test.json
02/27/2021 01:27:27 Task snli
02/27/2021 01:27:29 data/canonical_data/roberta-base/snli_train.json
02/27/2021 01:29:06 data/canonical_data/roberta-base/snli_dev.json
02/27/2021 01:29:08 data/canonical_data/roberta-base/snli_test.json
02/27/2021 01:29:09 Task sst
02/27/2021 01:29:10 data/canonical_data/roberta-base/sst_train.json
02/27/2021 01:29:19 data/canonical_data/roberta-base/sst_dev.json
02/27/2021 01:29:19 data/canonical_data/roberta-base/sst_test.json
02/27/2021 01:29:19 Task stsb
02/27/2021 01:29:19 data/canonical_data/roberta-base/stsb_train.json
02/27/2021 01:29:21 data/canonical_data/roberta-base/stsb_dev.json
02/27/2021 01:29:21 data/canonical_data/roberta-base/stsb_test.json
02/27/2021 01:29:21 Task wnli
02/27/2021 01:29:21 data/canonical_data/roberta-base/wnli_train.json
02/27/2021 01:29:22 data/canonical_data/roberta-base/wnli_dev.json
02/27/2021 01:29:22 data/canonical_data/roberta-base/wnli_test.json
07/18/2022 01:50:24 Task cola
07/18/2022 01:50:24 File %s doesnot exit
07/18/2022 01:50:44 Task cola
07/18/2022 01:50:44 File %s doesnot exit
